Base path: C:/Program Files/Unity/Editor/Data
Cmd: getPlatforms
Cmd: compileSnippet
  api=4 type=0 insize=13041 outsize=5534 kw=_SUNDISK_SIMPLE pd=UNITY_ENABLE_REFLECTION_BUFFERS UNITY_PBS_USE_BRDF1 UNITY_SPECCUBE_BOX_PROJECTION UNITY_SPECCUBE_BLENDING ok=1
Cmd: compileSnippet
  api=4 type=1 insize=13041 outsize=910 kw=_SUNDISK_SIMPLE pd=UNITY_ENABLE_REFLECTION_BUFFERS UNITY_PBS_USE_BRDF1 UNITY_SPECCUBE_BOX_PROJECTION UNITY_SPECCUBE_BLENDING ok=1
Cmd: preprocess
  insize=4235 outsize=1085 ok=1
Cmd: preprocess
  insize=1099 outsize=1384 ok=1
Cmd: preprocess
  insize=1013 outsize=1567 ok=1
Cmd: preprocess
  insize=12915 outsize=2646 ok=1
Cmd: preprocess
  insize=2379 outsize=1092 ok=1
Cmd: preprocess
  insize=2237 outsize=975 ok=1
Cmd: preprocess
  insize=12063 outsize=2525 ok=1
Cmd: preprocess
  insize=1878 outsize=597 ok=1
Cmd: preprocess
  insize=1013 outsize=1805 ok=1
Cmd: preprocess
  insize=2274 outsize=1036 ok=1
Cmd: preprocess
  insize=880 outsize=1240 ok=1
